[1.275s] Invoking command in '/home/rkskwhdgh123/robot_ws/build/m_pubsub': PYTHONPATH=/home/rkskwhdgh123/robot_ws/build/m_pubsub/prefix_override:/home/rkskwhdgh123/robot_ws/install/m_pubsub/lib/python3.8/site-packages:${PYTHONPATH} /usr/bin/python3 setup.py develop --editable --build-directory /home/rkskwhdgh123/robot_ws/build/m_pubsub/build --no-deps install_data
[1.584s] running develop
[1.762s] running egg_info
[1.763s] writing m_pubsub.egg-info/PKG-INFO
[1.763s] writing dependency_links to m_pubsub.egg-info/dependency_links.txt
[1.764s] writing entry points to m_pubsub.egg-info/entry_points.txt
[1.764s] writing requirements to m_pubsub.egg-info/requires.txt
[1.765s] writing top-level names to m_pubsub.egg-info/top_level.txt
[1.810s] reading manifest file 'm_pubsub.egg-info/SOURCES.txt'
[1.811s] writing manifest file 'm_pubsub.egg-info/SOURCES.txt'
[1.857s] running build_ext
[1.858s] Creating /home/rkskwhdgh123/robot_ws/install/m_pubsub/lib/python3.8/site-packages/m-pubsub.egg-link (link to .)
[1.859s] Installing met script to /home/rkskwhdgh123/robot_ws/install/m_pubsub/lib/m_pubsub
[1.860s] Installing metp script to /home/rkskwhdgh123/robot_ws/install/m_pubsub/lib/m_pubsub
[1.860s] Installing mp script to /home/rkskwhdgh123/robot_ws/install/m_pubsub/lib/m_pubsub
[1.861s] Installing ms script to /home/rkskwhdgh123/robot_ws/install/m_pubsub/lib/m_pubsub
[1.862s] Installing mt script to /home/rkskwhdgh123/robot_ws/install/m_pubsub/lib/m_pubsub
[1.863s] 
[1.863s] Installed /home/rkskwhdgh123/robot_ws/build/m_pubsub
[1.863s] running install_data
[1.894s] Invoked command in '/home/rkskwhdgh123/robot_ws/build/m_pubsub' returned '0': PYTHONPATH=/home/rkskwhdgh123/robot_ws/build/m_pubsub/prefix_override:/home/rkskwhdgh123/robot_ws/install/m_pubsub/lib/python3.8/site-packages:${PYTHONPATH} /usr/bin/python3 setup.py develop --editable --build-directory /home/rkskwhdgh123/robot_ws/build/m_pubsub/build --no-deps install_data
